DEBUG - 2026-01-24 14:13:34 --> Session: Class initialized using 'CodeIgniter\Session\Handlers\FileHandler' driver.
DEBUG - 2026-01-24 14:13:49 --> Session: Class initialized using 'CodeIgniter\Session\Handlers\FileHandler' driver.
DEBUG - 2026-01-24 14:13:50 --> Session: Class initialized using 'CodeIgniter\Session\Handlers\FileHandler' driver.
DEBUG - 2026-01-24 14:14:13 --> Session: Class initialized using 'CodeIgniter\Session\Handlers\FileHandler' driver.
DEBUG - 2026-01-24 14:14:42 --> Session: Class initialized using 'CodeIgniter\Session\Handlers\FileHandler' driver.
DEBUG - 2026-01-24 14:14:59 --> Session: Class initialized using 'CodeIgniter\Session\Handlers\FileHandler' driver.
DEBUG - 2026-01-24 14:18:02 --> Session: Class initialized using 'CodeIgniter\Session\Handlers\FileHandler' driver.
DEBUG - 2026-01-24 14:18:24 --> Session: Class initialized using 'CodeIgniter\Session\Handlers\FileHandler' driver.
DEBUG - 2026-01-24 14:18:24 --> Session: Class initialized using 'CodeIgniter\Session\Handlers\FileHandler' driver.
DEBUG - 2026-01-24 14:18:30 --> Session: Class initialized using 'CodeIgniter\Session\Handlers\FileHandler' driver.
DEBUG - 2026-01-24 14:18:31 --> Session: Class initialized using 'CodeIgniter\Session\Handlers\FileHandler' driver.
DEBUG - 2026-01-24 14:18:39 --> Session: Class initialized using 'CodeIgniter\Session\Handlers\FileHandler' driver.
DEBUG - 2026-01-24 14:18:40 --> Session: Class initialized using 'CodeIgniter\Session\Handlers\FileHandler' driver.
DEBUG - 2026-01-24 14:19:01 --> Session: Class initialized using 'CodeIgniter\Session\Handlers\FileHandler' driver.
DEBUG - 2026-01-24 14:19:02 --> Session: Class initialized using 'CodeIgniter\Session\Handlers\FileHandler' driver.
DEBUG - 2026-01-24 14:19:07 --> Session: Class initialized using 'CodeIgniter\Session\Handlers\FileHandler' driver.
DEBUG - 2026-01-24 14:19:07 --> Session: Class initialized using 'CodeIgniter\Session\Handlers\FileHandler' driver.
DEBUG - 2026-01-24 14:19:12 --> Session: Class initialized using 'CodeIgniter\Session\Handlers\FileHandler' driver.
DEBUG - 2026-01-24 14:19:26 --> Session: Class initialized using 'CodeIgniter\Session\Handlers\FileHandler' driver.
DEBUG - 2026-01-24 14:19:27 --> Session: Class initialized using 'CodeIgniter\Session\Handlers\FileHandler' driver.
DEBUG - 2026-01-24 14:19:39 --> Session: Class initialized using 'CodeIgniter\Session\Handlers\FileHandler' driver.
DEBUG - 2026-01-24 14:19:46 --> Session: Class initialized using 'CodeIgniter\Session\Handlers\FileHandler' driver.
DEBUG - 2026-01-24 14:19:47 --> Session: Class initialized using 'CodeIgniter\Session\Handlers\FileHandler' driver.
DEBUG - 2026-01-24 14:19:54 --> Session: Class initialized using 'CodeIgniter\Session\Handlers\FileHandler' driver.
DEBUG - 2026-01-24 14:19:57 --> Session: Class initialized using 'CodeIgniter\Session\Handlers\FileHandler' driver.
DEBUG - 2026-01-24 14:19:59 --> Session: Class initialized using 'CodeIgniter\Session\Handlers\FileHandler' driver.
DEBUG - 2026-01-24 14:20:47 --> Session: Class initialized using 'CodeIgniter\Session\Handlers\FileHandler' driver.
DEBUG - 2026-01-24 14:20:53 --> Session: Class initialized using 'CodeIgniter\Session\Handlers\FileHandler' driver.
DEBUG - 2026-01-24 14:21:11 --> Session: Class initialized using 'CodeIgniter\Session\Handlers\FileHandler' driver.
DEBUG - 2026-01-24 14:21:11 --> Session: Class initialized using 'CodeIgniter\Session\Handlers\FileHandler' driver.
DEBUG - 2026-01-24 14:21:16 --> Session: Class initialized using 'CodeIgniter\Session\Handlers\FileHandler' driver.
DEBUG - 2026-01-24 14:21:19 --> Session: Class initialized using 'CodeIgniter\Session\Handlers\FileHandler' driver.
DEBUG - 2026-01-24 14:21:20 --> Session: Class initialized using 'CodeIgniter\Session\Handlers\FileHandler' driver.
DEBUG - 2026-01-24 14:21:23 --> Session: Class initialized using 'CodeIgniter\Session\Handlers\FileHandler' driver.
DEBUG - 2026-01-24 14:21:23 --> Session: Class initialized using 'CodeIgniter\Session\Handlers\FileHandler' driver.
DEBUG - 2026-01-24 14:21:27 --> Session: Class initialized using 'CodeIgniter\Session\Handlers\FileHandler' driver.
DEBUG - 2026-01-24 14:25:43 --> Session: Class initialized using 'CodeIgniter\Session\Handlers\FileHandler' driver.
DEBUG - 2026-01-24 14:26:03 --> Session: Class initialized using 'CodeIgniter\Session\Handlers\FileHandler' driver.
DEBUG - 2026-01-24 14:42:13 --> Session: Class initialized using 'CodeIgniter\Session\Handlers\FileHandler' driver.
ERROR - 2026-01-24 14:42:14 --> mysqli_sql_exception: Unknown column 'pesanan.id_supplier' in 'on clause' in C:\xampp\htdocs\SPK-2.0\system\Database\MySQLi\Connection.php:327
Stack trace:
#0 C:\xampp\htdocs\SPK-2.0\system\Database\MySQLi\Connection.php(327): mysqli->query('SELECT `pesanan...', 0)
#1 C:\xampp\htdocs\SPK-2.0\system\Database\BaseConnection.php(738): CodeIgniter\Database\MySQLi\Connection->execute('SELECT `pesanan...')
#2 C:\xampp\htdocs\SPK-2.0\system\Database\BaseConnection.php(652): CodeIgniter\Database\BaseConnection->simpleQuery('SELECT `pesanan...')
#3 C:\xampp\htdocs\SPK-2.0\system\Database\BaseBuilder.php(1649): CodeIgniter\Database\BaseConnection->query('SELECT `pesanan...', Array, false)
#4 C:\xampp\htdocs\SPK-2.0\system\Model.php(286): CodeIgniter\Database\BaseBuilder->get()
#5 C:\xampp\htdocs\SPK-2.0\system\BaseModel.php(679): CodeIgniter\Model->doFindAll(0, 0)
#6 C:\xampp\htdocs\SPK-2.0\app\Models\PesananModel.php(22): CodeIgniter\BaseModel->findAll()
#7 C:\xampp\htdocs\SPK-2.0\app\Controllers\PengadaanController.php(25): App\Models\PesananModel->getPesananLengkap('pending')
#8 C:\xampp\htdocs\SPK-2.0\system\CodeIgniter.php(933): App\Controllers\PengadaanController->index()
#9 C:\xampp\htdocs\SPK-2.0\system\CodeIgniter.php(507): CodeIgniter\CodeIgniter->runController(Object(App\Controllers\PengadaanController))
#10 C:\xampp\htdocs\SPK-2.0\system\CodeIgniter.php(354): CodeIgniter\CodeIgniter->handleRequest(NULL, Object(Config\Cache), false)
#11 C:\xampp\htdocs\SPK-2.0\system\Boot.php(334): CodeIgniter\CodeIgniter->run()
#12 C:\xampp\htdocs\SPK-2.0\system\Boot.php(67): CodeIgniter\Boot::runCodeIgniter(Object(CodeIgniter\CodeIgniter))
#13 C:\xampp\htdocs\SPK-2.0\public\index.php(59): CodeIgniter\Boot::bootWeb(Object(Config\Paths))
#14 {main}
CRITICAL - 2026-01-24 14:42:14 --> CodeIgniter\Database\Exceptions\DatabaseException: Unknown column 'pesanan.id_supplier' in 'on clause'
[Method: GET, Route: pengadaan]
in SYSTEMPATH\Database\BaseConnection.php on line 692.
 1 SYSTEMPATH\Database\BaseBuilder.php(1649): CodeIgniter\Database\BaseConnection->query('SELECT `pesanan`.*, `jenis_bahan`.`nama_bahan`, `pembeli`.`nama_pembeli`, `supplier`.`nama` as `nama_supplier`
FROM `pesanan`
JOIN `jenis_bahan` ON `jenis_bahan`.`id_jenis_bahan` = `pesanan`.`id_jenis_bahan`
JOIN `pembeli` ON `pembeli`.`id_pembeli` = `pesanan`.`id_pembeli`
LEFT JOIN `supplier` ON `supplier`.`id_supplier` = `pesanan`.`id_supplier`
WHERE `pesanan`.`status` = :pesanan.status:
ORDER BY `tanggal` DESC', [...], false)
 2 SYSTEMPATH\Model.php(286): CodeIgniter\Database\BaseBuilder->get()
 3 SYSTEMPATH\BaseModel.php(679): CodeIgniter\Model->doFindAll(0, 0)
 4 APPPATH\Models\PesananModel.php(22): CodeIgniter\BaseModel->findAll()
 5 APPPATH\Controllers\PengadaanController.php(25): App\Models\PesananModel->getPesananLengkap('pending')
 6 SYSTEMPATH\CodeIgniter.php(933): App\Controllers\PengadaanController->index()
 7 SYSTEMPATH\CodeIgniter.php(507): CodeIgniter\CodeIgniter->runController(Object(App\Controllers\PengadaanController))
 8 SYSTEMPATH\CodeIgniter.php(354): CodeIgniter\CodeIgniter->handleRequest(null, Object(Config\Cache), false)
 9 SYSTEMPATH\Boot.php(334): CodeIgniter\CodeIgniter->run()
10 SYSTEMPATH\Boot.php(67): CodeIgniter\Boot::runCodeIgniter(Object(CodeIgniter\CodeIgniter))
11 FCPATH\index.php(59): CodeIgniter\Boot::bootWeb(Object(Config\Paths))
CRITICAL - 2026-01-24 14:42:14 --> [Caused by] CodeIgniter\Database\Exceptions\DatabaseException: Unknown column 'pesanan.id_supplier' in 'on clause'
in SYSTEMPATH\Database\MySQLi\Connection.php on line 332.
 1 SYSTEMPATH\Database\BaseConnection.php(738): CodeIgniter\Database\MySQLi\Connection->execute('SELECT `pesanan`.*, `jenis_bahan`.`nama_bahan`, `pembeli`.`nama_pembeli`, `supplier`.`nama` as `nama_supplier`
FROM `pesanan`
JOIN `jenis_bahan` ON `jenis_bahan`.`id_jenis_bahan` = `pesanan`.`id_jenis_bahan`
JOIN `pembeli` ON `pembeli`.`id_pembeli` = `pesanan`.`id_pembeli`
LEFT JOIN `supplier` ON `supplier`.`id_supplier` = `pesanan`.`id_supplier`
WHERE `pesanan`.`status` = \'pending\'
ORDER BY `tanggal` DESC')
 2 SYSTEMPATH\Database\BaseConnection.php(652): CodeIgniter\Database\BaseConnection->simpleQuery('SELECT `pesanan`.*, `jenis_bahan`.`nama_bahan`, `pembeli`.`nama_pembeli`, `supplier`.`nama` as `nama_supplier`
FROM `pesanan`
JOIN `jenis_bahan` ON `jenis_bahan`.`id_jenis_bahan` = `pesanan`.`id_jenis_bahan`
JOIN `pembeli` ON `pembeli`.`id_pembeli` = `pesanan`.`id_pembeli`
LEFT JOIN `supplier` ON `supplier`.`id_supplier` = `pesanan`.`id_supplier`
WHERE `pesanan`.`status` = \'pending\'
ORDER BY `tanggal` DESC')
 3 SYSTEMPATH\Database\BaseBuilder.php(1649): CodeIgniter\Database\BaseConnection->query('SELECT `pesanan`.*, `jenis_bahan`.`nama_bahan`, `pembeli`.`nama_pembeli`, `supplier`.`nama` as `nama_supplier`
FROM `pesanan`
JOIN `jenis_bahan` ON `jenis_bahan`.`id_jenis_bahan` = `pesanan`.`id_jenis_bahan`
JOIN `pembeli` ON `pembeli`.`id_pembeli` = `pesanan`.`id_pembeli`
LEFT JOIN `supplier` ON `supplier`.`id_supplier` = `pesanan`.`id_supplier`
WHERE `pesanan`.`status` = :pesanan.status:
ORDER BY `tanggal` DESC', [...], false)
 4 SYSTEMPATH\Model.php(286): CodeIgniter\Database\BaseBuilder->get()
 5 SYSTEMPATH\BaseModel.php(679): CodeIgniter\Model->doFindAll(0, 0)
 6 APPPATH\Models\PesananModel.php(22): CodeIgniter\BaseModel->findAll()
 7 APPPATH\Controllers\PengadaanController.php(25): App\Models\PesananModel->getPesananLengkap('pending')
 8 SYSTEMPATH\CodeIgniter.php(933): App\Controllers\PengadaanController->index()
 9 SYSTEMPATH\CodeIgniter.php(507): CodeIgniter\CodeIgniter->runController(Object(App\Controllers\PengadaanController))
10 SYSTEMPATH\CodeIgniter.php(354): CodeIgniter\CodeIgniter->handleRequest(null, Object(Config\Cache), false)
11 SYSTEMPATH\Boot.php(334): CodeIgniter\CodeIgniter->run()
12 SYSTEMPATH\Boot.php(67): CodeIgniter\Boot::runCodeIgniter(Object(CodeIgniter\CodeIgniter))
13 FCPATH\index.php(59): CodeIgniter\Boot::bootWeb(Object(Config\Paths))
CRITICAL - 2026-01-24 14:42:14 --> [Caused by] mysqli_sql_exception: Unknown column 'pesanan.id_supplier' in 'on clause'
in SYSTEMPATH\Database\MySQLi\Connection.php on line 327.
 1 SYSTEMPATH\Database\MySQLi\Connection.php(327): mysqli->query('SELECT `pesanan`.*, `jenis_bahan`.`nama_bahan`, `pembeli`.`nama_pembeli`, `supplier`.`nama` as `nama_supplier`
FROM `pesanan`
JOIN `jenis_bahan` ON `jenis_bahan`.`id_jenis_bahan` = `pesanan`.`id_jenis_bahan`
JOIN `pembeli` ON `pembeli`.`id_pembeli` = `pesanan`.`id_pembeli`
LEFT JOIN `supplier` ON `supplier`.`id_supplier` = `pesanan`.`id_supplier`
WHERE `pesanan`.`status` = \'pending\'
ORDER BY `tanggal` DESC', 0)
 2 SYSTEMPATH\Database\BaseConnection.php(738): CodeIgniter\Database\MySQLi\Connection->execute('SELECT `pesanan`.*, `jenis_bahan`.`nama_bahan`, `pembeli`.`nama_pembeli`, `supplier`.`nama` as `nama_supplier`
FROM `pesanan`
JOIN `jenis_bahan` ON `jenis_bahan`.`id_jenis_bahan` = `pesanan`.`id_jenis_bahan`
JOIN `pembeli` ON `pembeli`.`id_pembeli` = `pesanan`.`id_pembeli`
LEFT JOIN `supplier` ON `supplier`.`id_supplier` = `pesanan`.`id_supplier`
WHERE `pesanan`.`status` = \'pending\'
ORDER BY `tanggal` DESC')
 3 SYSTEMPATH\Database\BaseConnection.php(652): CodeIgniter\Database\BaseConnection->simpleQuery('SELECT `pesanan`.*, `jenis_bahan`.`nama_bahan`, `pembeli`.`nama_pembeli`, `supplier`.`nama` as `nama_supplier`
FROM `pesanan`
JOIN `jenis_bahan` ON `jenis_bahan`.`id_jenis_bahan` = `pesanan`.`id_jenis_bahan`
JOIN `pembeli` ON `pembeli`.`id_pembeli` = `pesanan`.`id_pembeli`
LEFT JOIN `supplier` ON `supplier`.`id_supplier` = `pesanan`.`id_supplier`
WHERE `pesanan`.`status` = \'pending\'
ORDER BY `tanggal` DESC')
 4 SYSTEMPATH\Database\BaseBuilder.php(1649): CodeIgniter\Database\BaseConnection->query('SELECT `pesanan`.*, `jenis_bahan`.`nama_bahan`, `pembeli`.`nama_pembeli`, `supplier`.`nama` as `nama_supplier`
FROM `pesanan`
JOIN `jenis_bahan` ON `jenis_bahan`.`id_jenis_bahan` = `pesanan`.`id_jenis_bahan`
JOIN `pembeli` ON `pembeli`.`id_pembeli` = `pesanan`.`id_pembeli`
LEFT JOIN `supplier` ON `supplier`.`id_supplier` = `pesanan`.`id_supplier`
WHERE `pesanan`.`status` = :pesanan.status:
ORDER BY `tanggal` DESC', [...], false)
 5 SYSTEMPATH\Model.php(286): CodeIgniter\Database\BaseBuilder->get()
 6 SYSTEMPATH\BaseModel.php(679): CodeIgniter\Model->doFindAll(0, 0)
 7 APPPATH\Models\PesananModel.php(22): CodeIgniter\BaseModel->findAll()
 8 APPPATH\Controllers\PengadaanController.php(25): App\Models\PesananModel->getPesananLengkap('pending')
 9 SYSTEMPATH\CodeIgniter.php(933): App\Controllers\PengadaanController->index()
10 SYSTEMPATH\CodeIgniter.php(507): CodeIgniter\CodeIgniter->runController(Object(App\Controllers\PengadaanController))
11 SYSTEMPATH\CodeIgniter.php(354): CodeIgniter\CodeIgniter->handleRequest(null, Object(Config\Cache), false)
12 SYSTEMPATH\Boot.php(334): CodeIgniter\CodeIgniter->run()
13 SYSTEMPATH\Boot.php(67): CodeIgniter\Boot::runCodeIgniter(Object(CodeIgniter\CodeIgniter))
14 FCPATH\index.php(59): CodeIgniter\Boot::bootWeb(Object(Config\Paths))
DEBUG - 2026-01-24 14:42:49 --> Session: Class initialized using 'CodeIgniter\Session\Handlers\FileHandler' driver.
ERROR - 2026-01-24 14:42:49 --> mysqli_sql_exception: Unknown column 'pesanan.id_supplier' in 'on clause' in C:\xampp\htdocs\SPK-2.0\system\Database\MySQLi\Connection.php:327
Stack trace:
#0 C:\xampp\htdocs\SPK-2.0\system\Database\MySQLi\Connection.php(327): mysqli->query('SELECT `pesanan...', 0)
#1 C:\xampp\htdocs\SPK-2.0\system\Database\BaseConnection.php(738): CodeIgniter\Database\MySQLi\Connection->execute('SELECT `pesanan...')
#2 C:\xampp\htdocs\SPK-2.0\system\Database\BaseConnection.php(652): CodeIgniter\Database\BaseConnection->simpleQuery('SELECT `pesanan...')
#3 C:\xampp\htdocs\SPK-2.0\system\Database\BaseBuilder.php(1649): CodeIgniter\Database\BaseConnection->query('SELECT `pesanan...', Array, false)
#4 C:\xampp\htdocs\SPK-2.0\system\Model.php(286): CodeIgniter\Database\BaseBuilder->get()
#5 C:\xampp\htdocs\SPK-2.0\system\BaseModel.php(679): CodeIgniter\Model->doFindAll(0, 0)
#6 C:\xampp\htdocs\SPK-2.0\app\Models\PesananModel.php(22): CodeIgniter\BaseModel->findAll()
#7 C:\xampp\htdocs\SPK-2.0\app\Controllers\PengadaanController.php(25): App\Models\PesananModel->getPesananLengkap('pending')
#8 C:\xampp\htdocs\SPK-2.0\system\CodeIgniter.php(933): App\Controllers\PengadaanController->index()
#9 C:\xampp\htdocs\SPK-2.0\system\CodeIgniter.php(507): CodeIgniter\CodeIgniter->runController(Object(App\Controllers\PengadaanController))
#10 C:\xampp\htdocs\SPK-2.0\system\CodeIgniter.php(354): CodeIgniter\CodeIgniter->handleRequest(NULL, Object(Config\Cache), false)
#11 C:\xampp\htdocs\SPK-2.0\system\Boot.php(334): CodeIgniter\CodeIgniter->run()
#12 C:\xampp\htdocs\SPK-2.0\system\Boot.php(67): CodeIgniter\Boot::runCodeIgniter(Object(CodeIgniter\CodeIgniter))
#13 C:\xampp\htdocs\SPK-2.0\public\index.php(59): CodeIgniter\Boot::bootWeb(Object(Config\Paths))
#14 {main}
CRITICAL - 2026-01-24 14:42:49 --> CodeIgniter\Database\Exceptions\DatabaseException: Unknown column 'pesanan.id_supplier' in 'on clause'
[Method: GET, Route: pengadaan]
in SYSTEMPATH\Database\BaseConnection.php on line 692.
 1 SYSTEMPATH\Database\BaseBuilder.php(1649): CodeIgniter\Database\BaseConnection->query('SELECT `pesanan`.*, `jenis_bahan`.`nama_bahan`, `pembeli`.`nama_pembeli`, `supplier`.`nama` as `nama_supplier`
FROM `pesanan`
JOIN `jenis_bahan` ON `jenis_bahan`.`id_jenis_bahan` = `pesanan`.`id_jenis_bahan`
JOIN `pembeli` ON `pembeli`.`id_pembeli` = `pesanan`.`id_pembeli`
LEFT JOIN `supplier` ON `supplier`.`id_supplier` = `pesanan`.`id_supplier`
WHERE `pesanan`.`status` = :pesanan.status:
ORDER BY `tanggal` DESC', [...], false)
 2 SYSTEMPATH\Model.php(286): CodeIgniter\Database\BaseBuilder->get()
 3 SYSTEMPATH\BaseModel.php(679): CodeIgniter\Model->doFindAll(0, 0)
 4 APPPATH\Models\PesananModel.php(22): CodeIgniter\BaseModel->findAll()
 5 APPPATH\Controllers\PengadaanController.php(25): App\Models\PesananModel->getPesananLengkap('pending')
 6 SYSTEMPATH\CodeIgniter.php(933): App\Controllers\PengadaanController->index()
 7 SYSTEMPATH\CodeIgniter.php(507): CodeIgniter\CodeIgniter->runController(Object(App\Controllers\PengadaanController))
 8 SYSTEMPATH\CodeIgniter.php(354): CodeIgniter\CodeIgniter->handleRequest(null, Object(Config\Cache), false)
 9 SYSTEMPATH\Boot.php(334): CodeIgniter\CodeIgniter->run()
10 SYSTEMPATH\Boot.php(67): CodeIgniter\Boot::runCodeIgniter(Object(CodeIgniter\CodeIgniter))
11 FCPATH\index.php(59): CodeIgniter\Boot::bootWeb(Object(Config\Paths))
CRITICAL - 2026-01-24 14:42:49 --> [Caused by] CodeIgniter\Database\Exceptions\DatabaseException: Unknown column 'pesanan.id_supplier' in 'on clause'
in SYSTEMPATH\Database\MySQLi\Connection.php on line 332.
 1 SYSTEMPATH\Database\BaseConnection.php(738): CodeIgniter\Database\MySQLi\Connection->execute('SELECT `pesanan`.*, `jenis_bahan`.`nama_bahan`, `pembeli`.`nama_pembeli`, `supplier`.`nama` as `nama_supplier`
FROM `pesanan`
JOIN `jenis_bahan` ON `jenis_bahan`.`id_jenis_bahan` = `pesanan`.`id_jenis_bahan`
JOIN `pembeli` ON `pembeli`.`id_pembeli` = `pesanan`.`id_pembeli`
LEFT JOIN `supplier` ON `supplier`.`id_supplier` = `pesanan`.`id_supplier`
WHERE `pesanan`.`status` = \'pending\'
ORDER BY `tanggal` DESC')
 2 SYSTEMPATH\Database\BaseConnection.php(652): CodeIgniter\Database\BaseConnection->simpleQuery('SELECT `pesanan`.*, `jenis_bahan`.`nama_bahan`, `pembeli`.`nama_pembeli`, `supplier`.`nama` as `nama_supplier`
FROM `pesanan`
JOIN `jenis_bahan` ON `jenis_bahan`.`id_jenis_bahan` = `pesanan`.`id_jenis_bahan`
JOIN `pembeli` ON `pembeli`.`id_pembeli` = `pesanan`.`id_pembeli`
LEFT JOIN `supplier` ON `supplier`.`id_supplier` = `pesanan`.`id_supplier`
WHERE `pesanan`.`status` = \'pending\'
ORDER BY `tanggal` DESC')
 3 SYSTEMPATH\Database\BaseBuilder.php(1649): CodeIgniter\Database\BaseConnection->query('SELECT `pesanan`.*, `jenis_bahan`.`nama_bahan`, `pembeli`.`nama_pembeli`, `supplier`.`nama` as `nama_supplier`
FROM `pesanan`
JOIN `jenis_bahan` ON `jenis_bahan`.`id_jenis_bahan` = `pesanan`.`id_jenis_bahan`
JOIN `pembeli` ON `pembeli`.`id_pembeli` = `pesanan`.`id_pembeli`
LEFT JOIN `supplier` ON `supplier`.`id_supplier` = `pesanan`.`id_supplier`
WHERE `pesanan`.`status` = :pesanan.status:
ORDER BY `tanggal` DESC', [...], false)
 4 SYSTEMPATH\Model.php(286): CodeIgniter\Database\BaseBuilder->get()
 5 SYSTEMPATH\BaseModel.php(679): CodeIgniter\Model->doFindAll(0, 0)
 6 APPPATH\Models\PesananModel.php(22): CodeIgniter\BaseModel->findAll()
 7 APPPATH\Controllers\PengadaanController.php(25): App\Models\PesananModel->getPesananLengkap('pending')
 8 SYSTEMPATH\CodeIgniter.php(933): App\Controllers\PengadaanController->index()
 9 SYSTEMPATH\CodeIgniter.php(507): CodeIgniter\CodeIgniter->runController(Object(App\Controllers\PengadaanController))
10 SYSTEMPATH\CodeIgniter.php(354): CodeIgniter\CodeIgniter->handleRequest(null, Object(Config\Cache), false)
11 SYSTEMPATH\Boot.php(334): CodeIgniter\CodeIgniter->run()
12 SYSTEMPATH\Boot.php(67): CodeIgniter\Boot::runCodeIgniter(Object(CodeIgniter\CodeIgniter))
13 FCPATH\index.php(59): CodeIgniter\Boot::bootWeb(Object(Config\Paths))
CRITICAL - 2026-01-24 14:42:49 --> [Caused by] mysqli_sql_exception: Unknown column 'pesanan.id_supplier' in 'on clause'
in SYSTEMPATH\Database\MySQLi\Connection.php on line 327.
 1 SYSTEMPATH\Database\MySQLi\Connection.php(327): mysqli->query('SELECT `pesanan`.*, `jenis_bahan`.`nama_bahan`, `pembeli`.`nama_pembeli`, `supplier`.`nama` as `nama_supplier`
FROM `pesanan`
JOIN `jenis_bahan` ON `jenis_bahan`.`id_jenis_bahan` = `pesanan`.`id_jenis_bahan`
JOIN `pembeli` ON `pembeli`.`id_pembeli` = `pesanan`.`id_pembeli`
LEFT JOIN `supplier` ON `supplier`.`id_supplier` = `pesanan`.`id_supplier`
WHERE `pesanan`.`status` = \'pending\'
ORDER BY `tanggal` DESC', 0)
 2 SYSTEMPATH\Database\BaseConnection.php(738): CodeIgniter\Database\MySQLi\Connection->execute('SELECT `pesanan`.*, `jenis_bahan`.`nama_bahan`, `pembeli`.`nama_pembeli`, `supplier`.`nama` as `nama_supplier`
FROM `pesanan`
JOIN `jenis_bahan` ON `jenis_bahan`.`id_jenis_bahan` = `pesanan`.`id_jenis_bahan`
JOIN `pembeli` ON `pembeli`.`id_pembeli` = `pesanan`.`id_pembeli`
LEFT JOIN `supplier` ON `supplier`.`id_supplier` = `pesanan`.`id_supplier`
WHERE `pesanan`.`status` = \'pending\'
ORDER BY `tanggal` DESC')
 3 SYSTEMPATH\Database\BaseConnection.php(652): CodeIgniter\Database\BaseConnection->simpleQuery('SELECT `pesanan`.*, `jenis_bahan`.`nama_bahan`, `pembeli`.`nama_pembeli`, `supplier`.`nama` as `nama_supplier`
FROM `pesanan`
JOIN `jenis_bahan` ON `jenis_bahan`.`id_jenis_bahan` = `pesanan`.`id_jenis_bahan`
JOIN `pembeli` ON `pembeli`.`id_pembeli` = `pesanan`.`id_pembeli`
LEFT JOIN `supplier` ON `supplier`.`id_supplier` = `pesanan`.`id_supplier`
WHERE `pesanan`.`status` = \'pending\'
ORDER BY `tanggal` DESC')
 4 SYSTEMPATH\Database\BaseBuilder.php(1649): CodeIgniter\Database\BaseConnection->query('SELECT `pesanan`.*, `jenis_bahan`.`nama_bahan`, `pembeli`.`nama_pembeli`, `supplier`.`nama` as `nama_supplier`
FROM `pesanan`
JOIN `jenis_bahan` ON `jenis_bahan`.`id_jenis_bahan` = `pesanan`.`id_jenis_bahan`
JOIN `pembeli` ON `pembeli`.`id_pembeli` = `pesanan`.`id_pembeli`
LEFT JOIN `supplier` ON `supplier`.`id_supplier` = `pesanan`.`id_supplier`
WHERE `pesanan`.`status` = :pesanan.status:
ORDER BY `tanggal` DESC', [...], false)
 5 SYSTEMPATH\Model.php(286): CodeIgniter\Database\BaseBuilder->get()
 6 SYSTEMPATH\BaseModel.php(679): CodeIgniter\Model->doFindAll(0, 0)
 7 APPPATH\Models\PesananModel.php(22): CodeIgniter\BaseModel->findAll()
 8 APPPATH\Controllers\PengadaanController.php(25): App\Models\PesananModel->getPesananLengkap('pending')
 9 SYSTEMPATH\CodeIgniter.php(933): App\Controllers\PengadaanController->index()
10 SYSTEMPATH\CodeIgniter.php(507): CodeIgniter\CodeIgniter->runController(Object(App\Controllers\PengadaanController))
11 SYSTEMPATH\CodeIgniter.php(354): CodeIgniter\CodeIgniter->handleRequest(null, Object(Config\Cache), false)
12 SYSTEMPATH\Boot.php(334): CodeIgniter\CodeIgniter->run()
13 SYSTEMPATH\Boot.php(67): CodeIgniter\Boot::runCodeIgniter(Object(CodeIgniter\CodeIgniter))
14 FCPATH\index.php(59): CodeIgniter\Boot::bootWeb(Object(Config\Paths))
DEBUG - 2026-01-24 14:44:10 --> Session: Class initialized using 'CodeIgniter\Session\Handlers\FileHandler' driver.
DEBUG - 2026-01-24 14:44:18 --> Session: Class initialized using 'CodeIgniter\Session\Handlers\FileHandler' driver.
DEBUG - 2026-01-24 14:44:20 --> Session: Class initialized using 'CodeIgniter\Session\Handlers\FileHandler' driver.
DEBUG - 2026-01-24 14:44:30 --> Session: Class initialized using 'CodeIgniter\Session\Handlers\FileHandler' driver.
DEBUG - 2026-01-24 14:44:30 --> Session: Class initialized using 'CodeIgniter\Session\Handlers\FileHandler' driver.
DEBUG - 2026-01-24 14:44:35 --> Session: Class initialized using 'CodeIgniter\Session\Handlers\FileHandler' driver.
DEBUG - 2026-01-24 14:44:37 --> Session: Class initialized using 'CodeIgniter\Session\Handlers\FileHandler' driver.
DEBUG - 2026-01-24 14:44:38 --> Session: Class initialized using 'CodeIgniter\Session\Handlers\FileHandler' driver.
DEBUG - 2026-01-24 14:44:40 --> Session: Class initialized using 'CodeIgniter\Session\Handlers\FileHandler' driver.
DEBUG - 2026-01-24 14:44:40 --> Session: Class initialized using 'CodeIgniter\Session\Handlers\FileHandler' driver.
DEBUG - 2026-01-24 14:44:47 --> Session: Class initialized using 'CodeIgniter\Session\Handlers\FileHandler' driver.
DEBUG - 2026-01-24 14:44:55 --> Session: Class initialized using 'CodeIgniter\Session\Handlers\FileHandler' driver.
DEBUG - 2026-01-24 14:45:01 --> Session: Class initialized using 'CodeIgniter\Session\Handlers\FileHandler' driver.
DEBUG - 2026-01-24 14:45:01 --> Session: Class initialized using 'CodeIgniter\Session\Handlers\FileHandler' driver.
DEBUG - 2026-01-24 14:45:08 --> Session: Class initialized using 'CodeIgniter\Session\Handlers\FileHandler' driver.
DEBUG - 2026-01-24 14:45:10 --> Session: Class initialized using 'CodeIgniter\Session\Handlers\FileHandler' driver.
DEBUG - 2026-01-24 14:45:14 --> Session: Class initialized using 'CodeIgniter\Session\Handlers\FileHandler' driver.
DEBUG - 2026-01-24 14:50:19 --> Session: Class initialized using 'CodeIgniter\Session\Handlers\FileHandler' driver.
DEBUG - 2026-01-24 14:54:12 --> Session: Class initialized using 'CodeIgniter\Session\Handlers\FileHandler' driver.
DEBUG - 2026-01-24 14:55:04 --> Session: Class initialized using 'CodeIgniter\Session\Handlers\FileHandler' driver.
DEBUG - 2026-01-24 14:55:29 --> Session: Class initialized using 'CodeIgniter\Session\Handlers\FileHandler' driver.
DEBUG - 2026-01-24 14:57:33 --> Session: Class initialized using 'CodeIgniter\Session\Handlers\FileHandler' driver.
DEBUG - 2026-01-24 14:57:38 --> Session: Class initialized using 'CodeIgniter\Session\Handlers\FileHandler' driver.
DEBUG - 2026-01-24 14:57:43 --> Session: Class initialized using 'CodeIgniter\Session\Handlers\FileHandler' driver.
DEBUG - 2026-01-24 14:57:45 --> Session: Class initialized using 'CodeIgniter\Session\Handlers\FileHandler' driver.
DEBUG - 2026-01-24 14:57:47 --> Session: Class initialized using 'CodeIgniter\Session\Handlers\FileHandler' driver.
DEBUG - 2026-01-24 14:57:51 --> Session: Class initialized using 'CodeIgniter\Session\Handlers\FileHandler' driver.
DEBUG - 2026-01-24 14:58:27 --> Session: Class initialized using 'CodeIgniter\Session\Handlers\FileHandler' driver.
DEBUG - 2026-01-24 15:01:49 --> Session: Class initialized using 'CodeIgniter\Session\Handlers\FileHandler' driver.
DEBUG - 2026-01-24 15:01:50 --> Session: Class initialized using 'CodeIgniter\Session\Handlers\FileHandler' driver.
DEBUG - 2026-01-24 15:06:03 --> Session: Class initialized using 'CodeIgniter\Session\Handlers\FileHandler' driver.
DEBUG - 2026-01-24 15:06:04 --> Session: Class initialized using 'CodeIgniter\Session\Handlers\FileHandler' driver.
DEBUG - 2026-01-24 15:06:46 --> Session: Class initialized using 'CodeIgniter\Session\Handlers\FileHandler' driver.
DEBUG - 2026-01-24 15:06:46 --> Session: Class initialized using 'CodeIgniter\Session\Handlers\FileHandler' driver.
DEBUG - 2026-01-24 15:06:51 --> Session: Class initialized using 'CodeIgniter\Session\Handlers\FileHandler' driver.
ERROR - 2026-01-24 15:06:51 --> mysqli_sql_exception: Cannot add or update a child row: a foreign key constraint fails (`db_rajut_ahp`.`pesanan_history_ahp`, CONSTRAINT `pesanan_history_ahp_ibfk_2` FOREIGN KEY (`id_supplier`) REFERENCES `supplier` (`id_supplier`)) in C:\xampp\htdocs\SPK-2.0\system\Database\MySQLi\Connection.php:327
Stack trace:
#0 C:\xampp\htdocs\SPK-2.0\system\Database\MySQLi\Connection.php(327): mysqli->query('INSERT INTO `pe...', 0)
#1 C:\xampp\htdocs\SPK-2.0\system\Database\BaseConnection.php(738): CodeIgniter\Database\MySQLi\Connection->execute('INSERT INTO `pe...')
#2 C:\xampp\htdocs\SPK-2.0\system\Database\BaseConnection.php(652): CodeIgniter\Database\BaseConnection->simpleQuery('INSERT INTO `pe...')
#3 C:\xampp\htdocs\SPK-2.0\system\Database\BaseBuilder.php(2345): CodeIgniter\Database\BaseConnection->query('INSERT INTO `pe...', Array, false)
#4 C:\xampp\htdocs\SPK-2.0\system\Model.php(394): CodeIgniter\Database\BaseBuilder->insert()
#5 C:\xampp\htdocs\SPK-2.0\system\BaseModel.php(843): CodeIgniter\Model->doInsert(Array)
#6 C:\xampp\htdocs\SPK-2.0\system\Model.php(800): CodeIgniter\BaseModel->insert(Array, false)
#7 C:\xampp\htdocs\SPK-2.0\system\BaseModel.php(754): CodeIgniter\Model->insert(Array, false)
#8 C:\xampp\htdocs\SPK-2.0\app\Controllers\PengadaanController.php(68): CodeIgniter\BaseModel->save(Array)
#9 C:\xampp\htdocs\SPK-2.0\system\CodeIgniter.php(933): App\Controllers\PengadaanController->selesai()
#10 C:\xampp\htdocs\SPK-2.0\system\CodeIgniter.php(507): CodeIgniter\CodeIgniter->runController(Object(App\Controllers\PengadaanController))
#11 C:\xampp\htdocs\SPK-2.0\system\CodeIgniter.php(354): CodeIgniter\CodeIgniter->handleRequest(NULL, Object(Config\Cache), false)
#12 C:\xampp\htdocs\SPK-2.0\system\Boot.php(334): CodeIgniter\CodeIgniter->run()
#13 C:\xampp\htdocs\SPK-2.0\system\Boot.php(67): CodeIgniter\Boot::runCodeIgniter(Object(CodeIgniter\CodeIgniter))
#14 C:\xampp\htdocs\SPK-2.0\public\index.php(59): CodeIgniter\Boot::bootWeb(Object(Config\Paths))
#15 {main}
CRITICAL - 2026-01-24 15:06:51 --> CodeIgniter\Database\Exceptions\DatabaseException: Cannot add or update a child row: a foreign key constraint fails (`db_rajut_ahp`.`pesanan_history_ahp`, CONSTRAINT `pesanan_history_ahp_ibfk_2` FOREIGN KEY (`id_supplier`) REFERENCES `supplier` (`id_supplier`))
[Method: POST, Route: pengadaan/selesai]
in SYSTEMPATH\Database\BaseConnection.php on line 692.
 1 SYSTEMPATH\Database\BaseBuilder.php(2345): CodeIgniter\Database\BaseConnection->query('INSERT INTO `pesanan_history_ahp` (`id_pesanan`, `skor_ahp`, `ranking`) VALUES (:id_pesanan:, :skor_ahp:, :ranking:)', [...], false)
 2 SYSTEMPATH\Model.php(394): CodeIgniter\Database\BaseBuilder->insert()
 3 SYSTEMPATH\BaseModel.php(843): CodeIgniter\Model->doInsert([...])
 4 SYSTEMPATH\Model.php(800): CodeIgniter\BaseModel->insert([...], false)
 5 SYSTEMPATH\BaseModel.php(754): CodeIgniter\Model->insert([...], false)
 6 APPPATH\Controllers\PengadaanController.php(68): CodeIgniter\BaseModel->save([...])
 7 SYSTEMPATH\CodeIgniter.php(933): App\Controllers\PengadaanController->selesai()
 8 SYSTEMPATH\CodeIgniter.php(507): CodeIgniter\CodeIgniter->runController(Object(App\Controllers\PengadaanController))
 9 SYSTEMPATH\CodeIgniter.php(354): CodeIgniter\CodeIgniter->handleRequest(null, Object(Config\Cache), false)
10 SYSTEMPATH\Boot.php(334): CodeIgniter\CodeIgniter->run()
11 SYSTEMPATH\Boot.php(67): CodeIgniter\Boot::runCodeIgniter(Object(CodeIgniter\CodeIgniter))
12 FCPATH\index.php(59): CodeIgniter\Boot::bootWeb(Object(Config\Paths))
CRITICAL - 2026-01-24 15:06:51 --> [Caused by] CodeIgniter\Database\Exceptions\DatabaseException: Cannot add or update a child row: a foreign key constraint fails (`db_rajut_ahp`.`pesanan_history_ahp`, CONSTRAINT `pesanan_history_ahp_ibfk_2` FOREIGN KEY (`id_supplier`) REFERENCES `supplier` (`id_supplier`))
in SYSTEMPATH\Database\MySQLi\Connection.php on line 332.
 1 SYSTEMPATH\Database\BaseConnection.php(738): CodeIgniter\Database\MySQLi\Connection->execute('INSERT INTO `pesanan_history_ahp` (`id_pesanan`, `skor_ahp`, `ranking`) VALUES (\'6\', 0.17968934, 1)')
 2 SYSTEMPATH\Database\BaseConnection.php(652): CodeIgniter\Database\BaseConnection->simpleQuery('INSERT INTO `pesanan_history_ahp` (`id_pesanan`, `skor_ahp`, `ranking`) VALUES (\'6\', 0.17968934, 1)')
 3 SYSTEMPATH\Database\BaseBuilder.php(2345): CodeIgniter\Database\BaseConnection->query('INSERT INTO `pesanan_history_ahp` (`id_pesanan`, `skor_ahp`, `ranking`) VALUES (:id_pesanan:, :skor_ahp:, :ranking:)', [...], false)
 4 SYSTEMPATH\Model.php(394): CodeIgniter\Database\BaseBuilder->insert()
 5 SYSTEMPATH\BaseModel.php(843): CodeIgniter\Model->doInsert([...])
 6 SYSTEMPATH\Model.php(800): CodeIgniter\BaseModel->insert([...], false)
 7 SYSTEMPATH\BaseModel.php(754): CodeIgniter\Model->insert([...], false)
 8 APPPATH\Controllers\PengadaanController.php(68): CodeIgniter\BaseModel->save([...])
 9 SYSTEMPATH\CodeIgniter.php(933): App\Controllers\PengadaanController->selesai()
10 SYSTEMPATH\CodeIgniter.php(507): CodeIgniter\CodeIgniter->runController(Object(App\Controllers\PengadaanController))
11 SYSTEMPATH\CodeIgniter.php(354): CodeIgniter\CodeIgniter->handleRequest(null, Object(Config\Cache), false)
12 SYSTEMPATH\Boot.php(334): CodeIgniter\CodeIgniter->run()
13 SYSTEMPATH\Boot.php(67): CodeIgniter\Boot::runCodeIgniter(Object(CodeIgniter\CodeIgniter))
14 FCPATH\index.php(59): CodeIgniter\Boot::bootWeb(Object(Config\Paths))
CRITICAL - 2026-01-24 15:06:51 --> [Caused by] mysqli_sql_exception: Cannot add or update a child row: a foreign key constraint fails (`db_rajut_ahp`.`pesanan_history_ahp`, CONSTRAINT `pesanan_history_ahp_ibfk_2` FOREIGN KEY (`id_supplier`) REFERENCES `supplier` (`id_supplier`))
in SYSTEMPATH\Database\MySQLi\Connection.php on line 327.
 1 SYSTEMPATH\Database\MySQLi\Connection.php(327): mysqli->query('INSERT INTO `pesanan_history_ahp` (`id_pesanan`, `skor_ahp`, `ranking`) VALUES (\'6\', 0.17968934, 1)', 0)
 2 SYSTEMPATH\Database\BaseConnection.php(738): CodeIgniter\Database\MySQLi\Connection->execute('INSERT INTO `pesanan_history_ahp` (`id_pesanan`, `skor_ahp`, `ranking`) VALUES (\'6\', 0.17968934, 1)')
 3 SYSTEMPATH\Database\BaseConnection.php(652): CodeIgniter\Database\BaseConnection->simpleQuery('INSERT INTO `pesanan_history_ahp` (`id_pesanan`, `skor_ahp`, `ranking`) VALUES (\'6\', 0.17968934, 1)')
 4 SYSTEMPATH\Database\BaseBuilder.php(2345): CodeIgniter\Database\BaseConnection->query('INSERT INTO `pesanan_history_ahp` (`id_pesanan`, `skor_ahp`, `ranking`) VALUES (:id_pesanan:, :skor_ahp:, :ranking:)', [...], false)
 5 SYSTEMPATH\Model.php(394): CodeIgniter\Database\BaseBuilder->insert()
 6 SYSTEMPATH\BaseModel.php(843): CodeIgniter\Model->doInsert([...])
 7 SYSTEMPATH\Model.php(800): CodeIgniter\BaseModel->insert([...], false)
 8 SYSTEMPATH\BaseModel.php(754): CodeIgniter\Model->insert([...], false)
 9 APPPATH\Controllers\PengadaanController.php(68): CodeIgniter\BaseModel->save([...])
10 SYSTEMPATH\CodeIgniter.php(933): App\Controllers\PengadaanController->selesai()
11 SYSTEMPATH\CodeIgniter.php(507): CodeIgniter\CodeIgniter->runController(Object(App\Controllers\PengadaanController))
12 SYSTEMPATH\CodeIgniter.php(354): CodeIgniter\CodeIgniter->handleRequest(null, Object(Config\Cache), false)
13 SYSTEMPATH\Boot.php(334): CodeIgniter\CodeIgniter->run()
14 SYSTEMPATH\Boot.php(67): CodeIgniter\Boot::runCodeIgniter(Object(CodeIgniter\CodeIgniter))
15 FCPATH\index.php(59): CodeIgniter\Boot::bootWeb(Object(Config\Paths))
DEBUG - 2026-01-24 15:07:37 --> Session: Class initialized using 'CodeIgniter\Session\Handlers\FileHandler' driver.
DEBUG - 2026-01-24 15:07:38 --> Session: Class initialized using 'CodeIgniter\Session\Handlers\FileHandler' driver.
DEBUG - 2026-01-24 15:08:19 --> Session: Class initialized using 'CodeIgniter\Session\Handlers\FileHandler' driver.
DEBUG - 2026-01-24 15:08:24 --> Session: Class initialized using 'CodeIgniter\Session\Handlers\FileHandler' driver.
DEBUG - 2026-01-24 15:13:00 --> Session: Class initialized using 'CodeIgniter\Session\Handlers\FileHandler' driver.
